ARM GAS  C:\Users\new_s\AppData\Local\Temp\cc8Y4hUY.s 			page 1


   1              		.syntax unified
   2              		.cpu cortex-m3
   3              		.fpu softvfp
   4              		.eabi_attribute 20, 1
   5              		.eabi_attribute 21, 1
   6              		.eabi_attribute 23, 3
   7              		.eabi_attribute 24, 1
   8              		.eabi_attribute 25, 1
   9              		.eabi_attribute 26, 1
  10              		.eabi_attribute 30, 1
  11              		.eabi_attribute 34, 1
  12              		.eabi_attribute 18, 4
  13              		.thumb
  14              		.syntax unified
  15              		.file	"cymetadata.c"
  16              		.text
  17              	.Ltext0:
  18              		.cfi_sections	.debug_frame
  19              		.global	cy_metadata
  20              		.global	cy_meta_flashprotect
  21              		.global	cy_meta_wonvl
  22              		.global	cy_meta_custnvl
  23              		.global	cy_meta_configecc
  24              		.section	.cyconfigecc,"a",%progbits
  25              		.align	2
  26              		.type	cy_meta_configecc, %object
  27              		.size	cy_meta_configecc, 48
  28              	cy_meta_configecc:
  29 0000 01       		.byte	1
  30 0001 45       		.byte	69
  31 0002 00       		.byte	0
  32 0003 40       		.byte	64
  33 0004 0F       		.byte	15
  34 0005 01       		.byte	1
  35 0006 00       		.byte	0
  36 0007 00       		.byte	0
  37 0008 00       		.byte	0
  38 0009 00       		.byte	0
  39 000a 00       		.byte	0
  40 000b 00       		.byte	0
  41 000c 02       		.byte	2
  42 000d 02       		.byte	2
  43 000e 02       		.byte	2
  44 000f 02       		.byte	2
  45 0010 F0       		.byte	-16
  46 0011 00       		.byte	0
  47 0012 00       		.byte	0
  48 0013 FF       		.byte	-1
  49 0014 0F       		.byte	15
  50 0015 00       		.byte	0
  51 0016 00       		.byte	0
  52 0017 00       		.byte	0
  53 0018 00       		.byte	0
  54 0019 00       		.byte	0
  55 001a 00       		.byte	0
  56 001b 00       		.byte	0
  57 001c 80       		.byte	-128
ARM GAS  C:\Users\new_s\AppData\Local\Temp\cc8Y4hUY.s 			page 2


  58 001d 00       		.byte	0
  59 001e 00       		.byte	0
  60 001f CB       		.byte	-53
  61 0020 4B       		.byte	75
  62 0021 00       		.byte	0
  63 0022 00       		.byte	0
  64 0023 00       		.byte	0
  65 0024 00       		.byte	0
  66 0025 00       		.byte	0
  67 0026 00       		.byte	0
  68 0027 00       		.byte	0
  69 0028 00       		.byte	0
  70 0029 7F       		.byte	127
  71 002a 7F       		.byte	127
  72 002b 00       		.byte	0
  73 002c 00       		.byte	0
  74 002d 00       		.byte	0
  75 002e 00       		.byte	0
  76 002f 00       		.byte	0
  77              		.section	.cywolatch,"a",%progbits
  78              		.align	2
  79              		.type	cy_meta_wonvl, %object
  80              		.size	cy_meta_wonvl, 4
  81              	cy_meta_wonvl:
  82 0000 BC       		.byte	-68
  83 0001 90       		.byte	-112
  84 0002 AC       		.byte	-84
  85 0003 AF       		.byte	-81
  86              		.section	.cycustnvl,"a",%progbits
  87              		.align	2
  88              		.type	cy_meta_custnvl, %object
  89              		.size	cy_meta_custnvl, 4
  90              	cy_meta_custnvl:
  91 0000 00       		.byte	0
  92 0001 00       		.byte	0
  93 0002 40       		.byte	64
  94 0003 05       		.byte	5
  95              		.section	.cymeta,"a",%progbits
  96              		.align	2
  97              		.type	cy_metadata, %object
  98              		.size	cy_metadata, 12
  99              	cy_metadata:
 100 0000 00       		.byte	0
 101 0001 01       		.byte	1
 102 0002 2E       		.byte	46
 103 0003 16       		.byte	22
 104 0004 10       		.byte	16
 105 0005 69       		.byte	105
 106 0006 00       		.byte	0
 107 0007 01       		.byte	1
 108 0008 00       		.byte	0
 109 0009 00       		.byte	0
 110 000a 00       		.byte	0
 111 000b 00       		.byte	0
 112              		.section	.cyflashprotect,"a",%progbits
 113              		.align	2
 114              		.type	cy_meta_flashprotect, %object
ARM GAS  C:\Users\new_s\AppData\Local\Temp\cc8Y4hUY.s 			page 3


 115              		.size	cy_meta_flashprotect, 256
 116              	cy_meta_flashprotect:
 117 0000 00000000 		.space	256
 117      00000000 
 117      00000000 
 117      00000000 
 117      00000000 
 118              		.text
 119              	.Letext0:
 120              		.file 1 "c:\\program files (x86)\\cypress\\psoc creator\\4.4\\psoc creator\\import\\gnu\\arm\\5.4.
 121              		.file 2 "c:\\program files (x86)\\cypress\\psoc creator\\4.4\\psoc creator\\import\\gnu\\arm\\5.4.
 122              		.file 3 "Generated_Source\\PSoC5\\cymetadata.c"
 123              		.section	.debug_info,"",%progbits
 124              	.Ldebug_info0:
 125 0000 30010000 		.4byte	0x130
 126 0004 0400     		.2byte	0x4
 127 0006 00000000 		.4byte	.Ldebug_abbrev0
 128 000a 04       		.byte	0x4
 129 000b 01       		.uleb128 0x1
 130 000c 24000000 		.4byte	.LASF17
 131 0010 0C       		.byte	0xc
 132 0011 B4010000 		.4byte	.LASF18
 133 0015 E7000000 		.4byte	.LASF19
 134 0019 00000000 		.4byte	.Ldebug_line0
 135 001d 02       		.uleb128 0x2
 136 001e 01       		.byte	0x1
 137 001f 06       		.byte	0x6
 138 0020 A8010000 		.4byte	.LASF0
 139 0024 03       		.uleb128 0x3
 140 0025 00000000 		.4byte	.LASF9
 141 0029 01       		.byte	0x1
 142 002a 1D       		.byte	0x1d
 143 002b 2F000000 		.4byte	0x2f
 144 002f 02       		.uleb128 0x2
 145 0030 01       		.byte	0x1
 146 0031 08       		.byte	0x8
 147 0032 16000000 		.4byte	.LASF1
 148 0036 02       		.uleb128 0x2
 149 0037 02       		.byte	0x2
 150 0038 05       		.byte	0x5
 151 0039 95010000 		.4byte	.LASF2
 152 003d 02       		.uleb128 0x2
 153 003e 02       		.byte	0x2
 154 003f 07       		.byte	0x7
 155 0040 C4000000 		.4byte	.LASF3
 156 0044 02       		.uleb128 0x2
 157 0045 04       		.byte	0x4
 158 0046 05       		.byte	0x5
 159 0047 9F010000 		.4byte	.LASF4
 160 004b 02       		.uleb128 0x2
 161 004c 04       		.byte	0x4
 162 004d 07       		.byte	0x7
 163 004e B2000000 		.4byte	.LASF5
 164 0052 02       		.uleb128 0x2
 165 0053 08       		.byte	0x8
 166 0054 05       		.byte	0x5
 167 0055 87010000 		.4byte	.LASF6
ARM GAS  C:\Users\new_s\AppData\Local\Temp\cc8Y4hUY.s 			page 4


 168 0059 02       		.uleb128 0x2
 169 005a 08       		.byte	0x8
 170 005b 07       		.byte	0x7
 171 005c 3C010000 		.4byte	.LASF7
 172 0060 04       		.uleb128 0x4
 173 0061 04       		.byte	0x4
 174 0062 05       		.byte	0x5
 175 0063 696E7400 		.ascii	"int\000"
 176 0067 02       		.uleb128 0x2
 177 0068 04       		.byte	0x4
 178 0069 07       		.byte	0x7
 179 006a 2F010000 		.4byte	.LASF8
 180 006e 03       		.uleb128 0x3
 181 006f 53010000 		.4byte	.LASF10
 182 0073 02       		.byte	0x2
 183 0074 18       		.byte	0x18
 184 0075 24000000 		.4byte	0x24
 185 0079 05       		.uleb128 0x5
 186 007a 90000000 		.4byte	0x90
 187 007e 89000000 		.4byte	0x89
 188 0082 06       		.uleb128 0x6
 189 0083 89000000 		.4byte	0x89
 190 0087 2F       		.byte	0x2f
 191 0088 00       		.byte	0
 192 0089 02       		.uleb128 0x2
 193 008a 04       		.byte	0x4
 194 008b 07       		.byte	0x7
 195 008c 7E010000 		.4byte	.LASF11
 196 0090 07       		.uleb128 0x7
 197 0091 6E000000 		.4byte	0x6e
 198 0095 08       		.uleb128 0x8
 199 0096 1D010000 		.4byte	.LASF12
 200 009a 03       		.byte	0x3
 201 009b 1F       		.byte	0x1f
 202 009c A6000000 		.4byte	0xa6
 203 00a0 05       		.uleb128 0x5
 204 00a1 03       		.byte	0x3
 205 00a2 00000000 		.4byte	cy_meta_configecc
 206 00a6 07       		.uleb128 0x7
 207 00a7 79000000 		.4byte	0x79
 208 00ab 05       		.uleb128 0x5
 209 00ac 90000000 		.4byte	0x90
 210 00b0 BB000000 		.4byte	0xbb
 211 00b4 06       		.uleb128 0x6
 212 00b5 89000000 		.4byte	0x89
 213 00b9 03       		.byte	0x3
 214 00ba 00       		.byte	0
 215 00bb 08       		.uleb128 0x8
 216 00bc D7000000 		.4byte	.LASF13
 217 00c0 03       		.byte	0x3
 218 00c1 32       		.byte	0x32
 219 00c2 CC000000 		.4byte	0xcc
 220 00c6 05       		.uleb128 0x5
 221 00c7 03       		.byte	0x3
 222 00c8 00000000 		.4byte	cy_meta_custnvl
 223 00cc 07       		.uleb128 0x7
 224 00cd AB000000 		.4byte	0xab
ARM GAS  C:\Users\new_s\AppData\Local\Temp\cc8Y4hUY.s 			page 5


 225 00d1 08       		.uleb128 0x8
 226 00d2 70010000 		.4byte	.LASF14
 227 00d6 03       		.byte	0x3
 228 00d7 40       		.byte	0x40
 229 00d8 E2000000 		.4byte	0xe2
 230 00dc 05       		.uleb128 0x5
 231 00dd 03       		.byte	0x3
 232 00de 00000000 		.4byte	cy_meta_wonvl
 233 00e2 07       		.uleb128 0x7
 234 00e3 AB000000 		.4byte	0xab
 235 00e7 05       		.uleb128 0x5
 236 00e8 90000000 		.4byte	0x90
 237 00ec F7000000 		.4byte	0xf7
 238 00f0 06       		.uleb128 0x6
 239 00f1 89000000 		.4byte	0x89
 240 00f5 FF       		.byte	0xff
 241 00f6 00       		.byte	0
 242 00f7 08       		.uleb128 0x8
 243 00f8 5B010000 		.4byte	.LASF15
 244 00fc 03       		.byte	0x3
 245 00fd 4E       		.byte	0x4e
 246 00fe 08010000 		.4byte	0x108
 247 0102 05       		.uleb128 0x5
 248 0103 03       		.byte	0x3
 249 0104 00000000 		.4byte	cy_meta_flashprotect
 250 0108 07       		.uleb128 0x7
 251 0109 E7000000 		.4byte	0xe7
 252 010d 05       		.uleb128 0x5
 253 010e 90000000 		.4byte	0x90
 254 0112 1D010000 		.4byte	0x11d
 255 0116 06       		.uleb128 0x6
 256 0117 89000000 		.4byte	0x89
 257 011b 0B       		.byte	0xb
 258 011c 00       		.byte	0
 259 011d 08       		.uleb128 0x8
 260 011e 0A000000 		.4byte	.LASF16
 261 0122 03       		.byte	0x3
 262 0123 7B       		.byte	0x7b
 263 0124 2E010000 		.4byte	0x12e
 264 0128 05       		.uleb128 0x5
 265 0129 03       		.byte	0x3
 266 012a 00000000 		.4byte	cy_metadata
 267 012e 07       		.uleb128 0x7
 268 012f 0D010000 		.4byte	0x10d
 269 0133 00       		.byte	0
 270              		.section	.debug_abbrev,"",%progbits
 271              	.Ldebug_abbrev0:
 272 0000 01       		.uleb128 0x1
 273 0001 11       		.uleb128 0x11
 274 0002 01       		.byte	0x1
 275 0003 25       		.uleb128 0x25
 276 0004 0E       		.uleb128 0xe
 277 0005 13       		.uleb128 0x13
 278 0006 0B       		.uleb128 0xb
 279 0007 03       		.uleb128 0x3
 280 0008 0E       		.uleb128 0xe
 281 0009 1B       		.uleb128 0x1b
ARM GAS  C:\Users\new_s\AppData\Local\Temp\cc8Y4hUY.s 			page 6


 282 000a 0E       		.uleb128 0xe
 283 000b 10       		.uleb128 0x10
 284 000c 17       		.uleb128 0x17
 285 000d 00       		.byte	0
 286 000e 00       		.byte	0
 287 000f 02       		.uleb128 0x2
 288 0010 24       		.uleb128 0x24
 289 0011 00       		.byte	0
 290 0012 0B       		.uleb128 0xb
 291 0013 0B       		.uleb128 0xb
 292 0014 3E       		.uleb128 0x3e
 293 0015 0B       		.uleb128 0xb
 294 0016 03       		.uleb128 0x3
 295 0017 0E       		.uleb128 0xe
 296 0018 00       		.byte	0
 297 0019 00       		.byte	0
 298 001a 03       		.uleb128 0x3
 299 001b 16       		.uleb128 0x16
 300 001c 00       		.byte	0
 301 001d 03       		.uleb128 0x3
 302 001e 0E       		.uleb128 0xe
 303 001f 3A       		.uleb128 0x3a
 304 0020 0B       		.uleb128 0xb
 305 0021 3B       		.uleb128 0x3b
 306 0022 0B       		.uleb128 0xb
 307 0023 49       		.uleb128 0x49
 308 0024 13       		.uleb128 0x13
 309 0025 00       		.byte	0
 310 0026 00       		.byte	0
 311 0027 04       		.uleb128 0x4
 312 0028 24       		.uleb128 0x24
 313 0029 00       		.byte	0
 314 002a 0B       		.uleb128 0xb
 315 002b 0B       		.uleb128 0xb
 316 002c 3E       		.uleb128 0x3e
 317 002d 0B       		.uleb128 0xb
 318 002e 03       		.uleb128 0x3
 319 002f 08       		.uleb128 0x8
 320 0030 00       		.byte	0
 321 0031 00       		.byte	0
 322 0032 05       		.uleb128 0x5
 323 0033 01       		.uleb128 0x1
 324 0034 01       		.byte	0x1
 325 0035 49       		.uleb128 0x49
 326 0036 13       		.uleb128 0x13
 327 0037 01       		.uleb128 0x1
 328 0038 13       		.uleb128 0x13
 329 0039 00       		.byte	0
 330 003a 00       		.byte	0
 331 003b 06       		.uleb128 0x6
 332 003c 21       		.uleb128 0x21
 333 003d 00       		.byte	0
 334 003e 49       		.uleb128 0x49
 335 003f 13       		.uleb128 0x13
 336 0040 2F       		.uleb128 0x2f
 337 0041 0B       		.uleb128 0xb
 338 0042 00       		.byte	0
ARM GAS  C:\Users\new_s\AppData\Local\Temp\cc8Y4hUY.s 			page 7


 339 0043 00       		.byte	0
 340 0044 07       		.uleb128 0x7
 341 0045 26       		.uleb128 0x26
 342 0046 00       		.byte	0
 343 0047 49       		.uleb128 0x49
 344 0048 13       		.uleb128 0x13
 345 0049 00       		.byte	0
 346 004a 00       		.byte	0
 347 004b 08       		.uleb128 0x8
 348 004c 34       		.uleb128 0x34
 349 004d 00       		.byte	0
 350 004e 03       		.uleb128 0x3
 351 004f 0E       		.uleb128 0xe
 352 0050 3A       		.uleb128 0x3a
 353 0051 0B       		.uleb128 0xb
 354 0052 3B       		.uleb128 0x3b
 355 0053 0B       		.uleb128 0xb
 356 0054 49       		.uleb128 0x49
 357 0055 13       		.uleb128 0x13
 358 0056 3F       		.uleb128 0x3f
 359 0057 19       		.uleb128 0x19
 360 0058 02       		.uleb128 0x2
 361 0059 18       		.uleb128 0x18
 362 005a 00       		.byte	0
 363 005b 00       		.byte	0
 364 005c 00       		.byte	0
 365              		.section	.debug_aranges,"",%progbits
 366 0000 14000000 		.4byte	0x14
 367 0004 0200     		.2byte	0x2
 368 0006 00000000 		.4byte	.Ldebug_info0
 369 000a 04       		.byte	0x4
 370 000b 00       		.byte	0
 371 000c 0000     		.2byte	0
 372 000e 0000     		.2byte	0
 373 0010 00000000 		.4byte	0
 374 0014 00000000 		.4byte	0
 375              		.section	.debug_line,"",%progbits
 376              	.Ldebug_line0:
 377 0000 3D010000 		.section	.debug_str,"MS",%progbits,1
 377      02003701 
 377      00000201 
 377      FB0E0D00 
 377      01010101 
 378              	.LASF9:
 379 0000 5F5F7569 		.ascii	"__uint8_t\000"
 379      6E74385F 
 379      7400
 380              	.LASF16:
 381 000a 63795F6D 		.ascii	"cy_metadata\000"
 381      65746164 
 381      61746100 
 382              	.LASF1:
 383 0016 756E7369 		.ascii	"unsigned char\000"
 383      676E6564 
 383      20636861 
 383      7200
 384              	.LASF17:
ARM GAS  C:\Users\new_s\AppData\Local\Temp\cc8Y4hUY.s 			page 8


 385 0024 474E5520 		.ascii	"GNU C11 5.4.1 20160609 (release) [ARM/embedded-5-br"
 385      43313120 
 385      352E342E 
 385      31203230 
 385      31363036 
 386 0057 616E6368 		.ascii	"anch revision 237715] -mcpu=cortex-m3 -mthumb -g -O"
 386      20726576 
 386      6973696F 
 386      6E203233 
 386      37373135 
 387 008a 67202D66 		.ascii	"g -ffunction-sections -ffat-lto-objects\000"
 387      66756E63 
 387      74696F6E 
 387      2D736563 
 387      74696F6E 
 388              	.LASF5:
 389 00b2 6C6F6E67 		.ascii	"long unsigned int\000"
 389      20756E73 
 389      69676E65 
 389      6420696E 
 389      7400
 390              	.LASF3:
 391 00c4 73686F72 		.ascii	"short unsigned int\000"
 391      7420756E 
 391      7369676E 
 391      65642069 
 391      6E7400
 392              	.LASF13:
 393 00d7 63795F6D 		.ascii	"cy_meta_custnvl\000"
 393      6574615F 
 393      63757374 
 393      6E766C00 
 394              	.LASF19:
 395 00e7 433A5C55 		.ascii	"C:\\Users\\new_s\\Downloads\\MATRIXEXAMPLEP2\\MATRI"
 395      73657273 
 395      5C6E6577 
 395      5F735C44 
 395      6F776E6C 
 396 0115 582E6379 		.ascii	"X.cydsn\000"
 396      64736E00 
 397              	.LASF12:
 398 011d 63795F6D 		.ascii	"cy_meta_configecc\000"
 398      6574615F 
 398      636F6E66 
 398      69676563 
 398      6300
 399              	.LASF8:
 400 012f 756E7369 		.ascii	"unsigned int\000"
 400      676E6564 
 400      20696E74 
 400      00
 401              	.LASF7:
 402 013c 6C6F6E67 		.ascii	"long long unsigned int\000"
 402      206C6F6E 
 402      6720756E 
 402      7369676E 
 402      65642069 
ARM GAS  C:\Users\new_s\AppData\Local\Temp\cc8Y4hUY.s 			page 9


 403              	.LASF10:
 404 0153 75696E74 		.ascii	"uint8_t\000"
 404      385F7400 
 405              	.LASF15:
 406 015b 63795F6D 		.ascii	"cy_meta_flashprotect\000"
 406      6574615F 
 406      666C6173 
 406      6870726F 
 406      74656374 
 407              	.LASF14:
 408 0170 63795F6D 		.ascii	"cy_meta_wonvl\000"
 408      6574615F 
 408      776F6E76 
 408      6C00
 409              	.LASF11:
 410 017e 73697A65 		.ascii	"sizetype\000"
 410      74797065 
 410      00
 411              	.LASF6:
 412 0187 6C6F6E67 		.ascii	"long long int\000"
 412      206C6F6E 
 412      6720696E 
 412      7400
 413              	.LASF2:
 414 0195 73686F72 		.ascii	"short int\000"
 414      7420696E 
 414      7400
 415              	.LASF4:
 416 019f 6C6F6E67 		.ascii	"long int\000"
 416      20696E74 
 416      00
 417              	.LASF0:
 418 01a8 7369676E 		.ascii	"signed char\000"
 418      65642063 
 418      68617200 
 419              	.LASF18:
 420 01b4 47656E65 		.ascii	"Generated_Source\\PSoC5\\cymetadata.c\000"
 420      72617465 
 420      645F536F 
 420      75726365 
 420      5C50536F 
 421              		.ident	"GCC: (GNU Tools for ARM Embedded Processors) 5.4.1 20160609 (release) [ARM/embedded-5-bran
